{
  "uid" : "eb18543ec73ea93a",
  "name" : "ootest_one2",
  "fullName" : "testcase.test_one.Test_demo1#ootest_one2",
  "historyId" : "c72584dd4b4a256372e805ea78bcc529",
  "time" : {
    "start" : 1615635225247,
    "stop" : 1615635225248,
    "duration" : 1
  },
  "status" : "failed",
  "statusMessage" : "AssertionError: assert 1 == 3\n  +1\n  -3",
  "statusTrace" : "self = <testcase.test_one.Test_demo1 object at 0x000002292DA58D00>\n\n    @pytest.mark.run(order=1)\n    def ootest_one2(self):\n        print(\"第二个测试。。。\")\n>       assert 1 == 3\nE       assert 1 == 3\nE         +1\nE         -3\n\ntestcase\\test_one.py:20: AssertionError",
  "flaky" : false,
  "newFailed" : false,
  "beforeStages" : [ ],
  "afterStages" : [ ],
  "labels" : [ {
    "name" : "tag",
    "value" : "run(order=1)"
  }, {
    "name" : "parentSuite",
    "value" : "testcase"
  }, {
    "name" : "suite",
    "value" : "test_one"
  }, {
    "name" : "subSuite",
    "value" : "Test_demo1"
  }, {
    "name" : "host",
    "value" : "DESKTOP-IMJPCQ7"
  }, {
    "name" : "thread",
    "value" : "18044-MainThread"
  }, {
    "name" : "framework",
    "value" : "pytest"
  }, {
    "name" : "language",
    "value" : "cpython3"
  }, {
    "name" : "package",
    "value" : "testcase.test_one"
  }, {
    "name" : "resultFormat",
    "value" : "allure2"
  } ],
  "parameters" : [ ],
  "links" : [ ],
  "hidden" : false,
  "retry" : false,
  "extra" : {
    "severity" : "normal",
    "retries" : [ {
      "uid" : "e6b83f5460a1bbac",
      "status" : "failed",
      "statusDetails" : "AssertionError: assert 1 == 3\n  +1\n  -3",
      "time" : {
        "start" : 1615635125423,
        "stop" : 1615635125423,
        "duration" : 0
      }
    }, {
      "uid" : "811588e0668717a1",
      "status" : "failed",
      "statusDetails" : "AssertionError: assert 1 == 3\n  +1\n  -3",
      "time" : {
        "start" : 1615635069146,
        "stop" : 1615635069146,
        "duration" : 0
      }
    }, {
      "uid" : "3edcdc41cdfce1de",
      "status" : "failed",
      "statusDetails" : "AssertionError: assert 1 == 3\n  +1\n  -3",
      "time" : {
        "start" : 1615635002373,
        "stop" : 1615635002373,
        "duration" : 0
      }
    }, {
      "uid" : "9d038cb4b377361d",
      "status" : "failed",
      "statusDetails" : "AssertionError: assert 1 == 3\n  +1\n  -3",
      "time" : {
        "start" : 1615634843252,
        "stop" : 1615634843252,
        "duration" : 0
      }
    }, {
      "uid" : "fc6a27305724ccbb",
      "status" : "failed",
      "statusDetails" : "AssertionError: assert 1 == 3\n  +1\n  -3",
      "time" : {
        "start" : 1615634662575,
        "stop" : 1615634662576,
        "duration" : 1
      }
    }, {
      "uid" : "c36726655d114157",
      "status" : "failed",
      "statusDetails" : "AssertionError: assert 1 == 3\n  +1\n  -3",
      "time" : {
        "start" : 1615634639678,
        "stop" : 1615634639678,
        "duration" : 0
      }
    } ],
    "categories" : [ {
      "name" : "Product defects",
      "matchedStatuses" : [ ],
      "flaky" : false
    } ],
    "tags" : [ "run(order=1)" ]
  },
  "source" : "eb18543ec73ea93a.json",
  "parameterValues" : [ ]
}