{
  "uid" : "fc6a27305724ccbb",
  "name" : "ootest_one2",
  "fullName" : "testcase.test_one.Test_demo1#ootest_one2",
  "historyId" : "c72584dd4b4a256372e805ea78bcc529",
  "time" : {
    "start" : 1615634662575,
    "stop" : 1615634662576,
    "duration" : 1
  },
  "status" : "failed",
  "statusMessage" : "AssertionError: assert 1 == 3\n  +1\n  -3",
  "statusTrace" : "self = <testcase.test_one.Test_demo1 object at 0x0000026737FC2880>\n\n    @pytest.mark.run(order=1)\n    def ootest_one2(self):\n        print(\"第二个测试。。。\")\n>       assert 1 == 3\nE       assert 1 == 3\nE         +1\nE         -3\n\ntestcase\\test_one.py:20: AssertionError",
  "flaky" : false,
  "newFailed" : false,
  "beforeStages" : [ ],
  "afterStages" : [ ],
  "labels" : [ {
    "name" : "tag",
    "value" : "run(order=1)"
  }, {
    "name" : "parentSuite",
    "value" : "testcase"
  }, {
    "name" : "suite",
    "value" : "test_one"
  }, {
    "name" : "subSuite",
    "value" : "Test_demo1"
  }, {
    "name" : "host",
    "value" : "DESKTOP-IMJPCQ7"
  }, {
    "name" : "thread",
    "value" : "2900-MainThread"
  }, {
    "name" : "framework",
    "value" : "pytest"
  }, {
    "name" : "language",
    "value" : "cpython3"
  }, {
    "name" : "package",
    "value" : "testcase.test_one"
  }, {
    "name" : "resultFormat",
    "value" : "allure2"
  } ],
  "parameters" : [ ],
  "links" : [ ],
  "hidden" : true,
  "retry" : true,
  "extra" : {
    "categories" : [ ],
    "tags" : [ "run(order=1)" ]
  },
  "source" : "fc6a27305724ccbb.json",
  "parameterValues" : [ ]
}